<?xml version="1.0" encoding="UTF-8"?>
<!-- Generated by org.testng.reporters.JUnitReportReporter -->
<testsuite skipped="0" hostname="DESKTOP-NM05SVP" name="suiteA.TestA2" tests="2" failures="0" timestamp="19 Apr 2018 13:29:07 GMT" time="41.473" errors="0">
  <testcase name="testA2" time="20.917" classname="suiteA.TestA2"/>
  <testcase name="testAA2" time="20.556" classname="suiteA.TestA2"/>
</testsuite> <!-- suiteA.TestA2 -->
