<?xml version="1.0" encoding="UTF-8"?>
<!-- Generated by org.testng.reporters.JUnitReportReporter -->
<testsuite skipped="0" hostname="DESKTOP-NM05SVP" name="suiteB.TestB1" tests="1" failures="0" timestamp="19 Apr 2018 13:29:07 GMT" time="20.923" errors="0">
  <testcase name="testB1" time="20.923" classname="suiteB.TestB1"/>
</testsuite> <!-- suiteB.TestB1 -->
